<?xml version="1.0" encoding="UTF-8"?>
<testsuite xmlns:xsi="http://www.w3.org/2001/XMLSchema-instance" xsi:noNamespaceSchemaLocation="https://maven.apache.org/surefire/maven-surefire-plugin/xsd/surefire-test-report-3.0.xsd" version="3.0" name="TestSuite" time="4.981" tests="1" errors="0" skipped="0" failures="0">
  <properties>
[...]
</properties>
  <testcase name="test1" classname="apichaining.EndToEndTest" time="3.902">
    <system-out><![CDATA[[
  [
    {
      "id": 5,
      "name": "lakshmi",
      "salary": "10000"
    },
    {
      "name": "siva",
      "salary": "5000",
      "id": 2
    }
  ],
  {
    "name": "nagalakshmi",
    "salary": "5000",
    "id": 6
  },
  {
    "name": "nagalakshmi",
    "salary": "5000",
    "id": 7
  },
  {
    "name": "siri",
    "salary": 50000,
    "id": 8
  },
  {
    "name": "siri",
    "salary": 50000,
    "id": 9
  },
  {
    "name": "alekhya",
    "salary": 50000,
    "id": 10
  },
  {
    "name": "siva",
    "salary": "5000",
    "id": 11
  },
  {
    "name": "sripad",
    "salary": "1000",
    "id": 15
  },
  {
    "name": "sripad",
    "salary": "1000",
    "id": 16
  },
  {
    "name": "sripad",
    "salary": "1000",
    "id": 17
  },
  {
    "name": "sripad",
    "salary": "1000",
    "id": 18
  },
  {
    "name": "sripad",
    "salary": "1000",
    "id": 19
  },
  {
    "name": "sripad",
    "salary": "1000",
    "id": 20
  },
  {
    "name": "Ram",
    "salary": "1000",
    "id": 21
  },
  {
    "name": "Ram",
    "salary": "1000",
    "id": 22
  },
  {
    "name": "Ram",
    "salary": "1000",
    "id": 23
  },
  {
    "name": "ram11",
    "salary": "1000",
    "id": 24
  },
  [
    {
      "id": 5,
      "name": "lakshmi",
      "salary": "10000"
    },
    {
      "name": "siva",
      "salary": "5000"
    }
  ]
]
id26
{}
]]></system-out>
    <system-err><![CDATA[SLF4J: Failed to load class "org.slf4j.impl.StaticLoggerBinder".
SLF4J: Defaulting to no-operation (NOP) logger implementation
SLF4J: See http://www.slf4j.org/codes.html#StaticLoggerBinder for further details.
]]></system-err>
  </testcase>
</testsuite>