<?xml version="1.0" encoding="UTF-8"?>
<testng-results ignored="0" total="1" passed="1" failed="0" skipped="0">
  <reporter-output>
  </reporter-output>
  <suite started-at="2022-05-29T12:06:19 IST" name="Suite" finished-at="2022-05-29T12:06:23 IST" duration-ms="3956">
    <groups>
    </groups>
    <test started-at="2022-05-29T12:06:19 IST" name="Test" finished-at="2022-05-29T12:06:23 IST" duration-ms="3956">
      <class name="apichaining.EndToEndTest">
        <test-method signature="test1()[pri:0, instance:apichaining.EndToEndTest@68c72235]" started-at="2022-05-29T12:06:19 IST" name="test1" finished-at="2022-05-29T12:06:23 IST" duration-ms="3890" status="PASS">
          <reporter-output>
          </reporter-output>
        </test-method> <!-- test1 -->
      </class> <!-- apichaining.EndToEndTest -->
    </test> <!-- Test -->
  </suite> <!-- Suite -->
</testng-results>
