<?xml version="1.0" encoding="UTF-8"?>
<testng-results ignored="0" total="3" passed="3" failed="0" skipped="0">
  <reporter-output>
  </reporter-output>
  <suite started-at="2022-06-04T12:01:56 IST" name="Default suite" finished-at="2022-06-04T12:02:00 IST" duration-ms="4141">
    <groups>
    </groups>
    <test started-at="2022-06-04T12:01:56 IST" name="Default test" finished-at="2022-06-04T12:02:00 IST" duration-ms="4141">
      <class name="RestAPIXML.XMLTest">
        <test-method signature="test1()[pri:0, instance:RestAPIXML.XMLTest@346d61be]" started-at="2022-06-04T12:01:56 IST" name="test1" finished-at="2022-06-04T12:01:59 IST" duration-ms="2930" status="PASS">
          <reporter-output>
          </reporter-output>
        </test-method> <!-- test1 -->
        <test-method signature="test2()[pri:0, instance:RestAPIXML.XMLTest@346d61be]" started-at="2022-06-04T12:01:59 IST" name="test2" finished-at="2022-06-04T12:02:00 IST" duration-ms="929" status="PASS">
          <reporter-output>
          </reporter-output>
        </test-method> <!-- test2 -->
        <test-method signature="test3()[pri:0, instance:RestAPIXML.XMLTest@346d61be]" started-at="2022-06-04T12:02:00 IST" name="test3" finished-at="2022-06-04T12:02:00 IST" duration-ms="237" status="PASS">
          <reporter-output>
          </reporter-output>
        </test-method> <!-- test3 -->
      </class> <!-- RestAPIXML.XMLTest -->
    </test> <!-- Default test -->
  </suite> <!-- Default suite -->
</testng-results>
